<?xml version="1.0" encoding="UTF-8"?>
<testsuite name="com.tomgregory.ThemeParkApplicationIT" tests="4" skipped="0" failures="0" errors="0" timestamp="2021-03-25T09:58:28" hostname="Lawals-MBP" time="0.325">
  <properties/>
  <testcase name="getsAllRides" classname="com.tomgregory.ThemeParkApplicationIT" time="0.24"/>
  <testcase name="getsSingleRide" classname="com.tomgregory.ThemeParkApplicationIT" time="0.018"/>
  <testcase name="returnsNotFoundForInvalidSingleRide" classname="com.tomgregory.ThemeParkApplicationIT" time="0.011"/>
  <testcase name="addsNewRide" classname="com.tomgregory.ThemeParkApplicationIT" time="0.05"/>
  <system-out><![CDATA[10:58:24.657 [Test worker] DEBUG org.springframework.test.annotation.ProfileValueUtils - Retrieved @ProfileValueSourceConfiguration [null] for test class [com.tomgregory.ThemeParkApplicationIT]
10:58:24.658 [Test worker] DEBUG org.springframework.test.annotation.ProfileValueUtils - Retrieved ProfileValueSource type [class org.springframework.test.annotation.SystemProfileValueSource] for class [com.tomgregory.ThemeParkApplicationIT]
10:58:24.658 [Test worker] DEBUG org.springframework.test.annotation.ProfileValueUtils - Retrieved @ProfileValueSourceConfiguration [null] for test class [com.tomgregory.ThemeParkApplicationIT]
10:58:24.658 [Test worker] DEBUG org.springframework.test.annotation.ProfileValueUtils - Retrieved ProfileValueSource type [class org.springframework.test.annotation.SystemProfileValueSource] for class [com.tomgregory.ThemeParkApplicationIT]
10:58:24.662 [Test worker] DEBUG org.springframework.test.context.support.AbstractDirtiesContextTestExecutionListener - Before test class: context [DefaultTestContext@5fb8fd87 testClass = ThemeParkApplicationIT, testInstance = [null], testMethod = [null], testException = [null], mergedContextConfiguration = [WebMergedContextConfiguration@7e58d7e2 testClass = ThemeParkApplicationIT, locations = '{}', classes = '{class com.tomgregory.ThemeParkApplication}', contextInitializerClasses = '[]', activeProfiles = '{}', propertySourceLocations = '{}', propertySourceProperties = '{org.springframework.boot.test.context.SpringBootTestContextBootstrapper=true}', contextCustomizers = set[org.springframework.boot.test.autoconfigure.properties.PropertyMappingContextCustomizer@4b3fa0b3, org.springframework.boot.test.autoconfigure.web.servlet.WebDriverContextCustomizerFactory$Customizer@7709b601, [ImportsContextCustomizer@77bfa2f6 key = [org.springframework.boot.test.autoconfigure.web.servlet.MockMvcAutoConfiguration, org.springframework.boot.test.autoconfigure.web.servlet.MockMvcWebClientAutoConfiguration, org.springframework.boot.test.autoconfigure.web.servlet.MockMvcWebDriverAutoConfiguration, org.springframework.boot.autoconfigure.security.oauth2.client.servlet.OAuth2ClientAutoConfiguration, org.springframework.boot.autoconfigure.security.oauth2.resource.servlet.OAuth2ResourceServerAutoConfiguration, org.springframework.boot.autoconfigure.security.servlet.SecurityAutoConfiguration, org.springframework.boot.autoconfigure.security.servlet.SecurityFilterAutoConfiguration, org.springframework.boot.autoconfigure.security.servlet.UserDetailsServiceAutoConfiguration, org.springframework.boot.test.autoconfigure.web.servlet.MockMvcSecurityConfiguration]], org.springframework.boot.test.context.filter.ExcludeFilterContextCustomizer@4ce64a18, org.springframework.boot.test.json.DuplicateJsonObjectContextCustomizerFactory$DuplicateJsonObjectContextCustomizer@1d5dc28, org.springframework.boot.test.mock.mockito.MockitoContextCustomizer@0, org.springframework.boot.test.web.client.TestRestTemplateContextCustomizer@5664fd3, org.springframework.boot.test.context.SpringBootTestArgs@1], resourceBasePath = 'src/main/webapp', contextLoader = 'org.springframework.boot.test.context.SpringBootContextLoader', parent = [null]], attributes = map['org.springframework.test.context.web.ServletTestExecutionListener.activateListener' -> true]], class annotated with @DirtiesContext [false] with mode [null].
10:58:24.663 [Test worker] DEBUG org.springframework.test.annotation.ProfileValueUtils - Retrieved @ProfileValueSourceConfiguration [null] for test class [com.tomgregory.ThemeParkApplicationIT]
10:58:24.663 [Test worker] DEBUG org.springframework.test.annotation.ProfileValueUtils - Retrieved ProfileValueSource type [class org.springframework.test.annotation.SystemProfileValueSource] for class [com.tomgregory.ThemeParkApplicationIT]
10:58:24.679 [Test worker] DEBUG org.springframework.test.context.support.TestPropertySourceUtils - Adding inlined properties to environment: {spring.jmx.enabled=false, org.springframework.boot.test.context.SpringBootTestContextBootstrapper=true}

  .   ____          _            __ _ _
 /\\ / ___'_ __ _ _(_)_ __  __ _ \ \ \ \
( ( )\___ | '_ | '_| | '_ \/ _` | \ \ \ \
 \\/  ___)| |_)| | | | | || (_| |  ) ) ) )
  '  |____| .__|_| |_|_| |_\__, | / / / /
 =========|_|==============|___/=/_/_/_/
 :: Spring Boot ::        (v2.3.4.RELEASE)

2021-03-25 10:58:24.885  INFO 5032 --- [    Test worker] com.tomgregory.ThemeParkApplicationIT    : Starting ThemeParkApplicationIT on Lawals-MBP with PID 5032 (started by lahamisuahmed in /Users/lahamisuahmed/IdeaProjects/themepark)
2021-03-25 10:58:24.886  INFO 5032 --- [    Test worker] com.tomgregory.ThemeParkApplicationIT    : No active profile set, falling back to default profiles: default
2021-03-25 10:58:25.487  INFO 5032 --- [    Test worker] .s.d.r.c.RepositoryConfigurationDelegate : Bootstrapping Spring Data JPA repositories in DEFERRED mode.
2021-03-25 10:58:25.532  INFO 5032 --- [    Test worker] .s.d.r.c.RepositoryConfigurationDelegate : Finished Spring Data repository scanning in 38ms. Found 1 JPA repository interfaces.
2021-03-25 10:58:26.056  INFO 5032 --- [    Test worker] o.s.s.concurrent.ThreadPoolTaskExecutor  : Initializing ExecutorService 'applicationTaskExecutor'
2021-03-25 10:58:26.068  INFO 5032 --- [    Test worker] com.zaxxer.hikari.HikariDataSource       : HikariPool-1 - Starting...
2021-03-25 10:58:26.225  INFO 5032 --- [    Test worker] com.zaxxer.hikari.HikariDataSource       : HikariPool-1 - Start completed.
2021-03-25 10:58:26.293  INFO 5032 --- [         task-1] o.hibernate.jpa.internal.util.LogHelper  : HHH000204: Processing PersistenceUnitInfo [name: default]
2021-03-25 10:58:26.362  INFO 5032 --- [         task-1] org.hibernate.Version                    : HHH000412: Hibernate ORM core version 5.4.21.Final
2021-03-25 10:58:26.598  INFO 5032 --- [         task-1] o.hibernate.annotations.common.Version   : HCANN000001: Hibernate Commons Annotations {5.1.0.Final}
2021-03-25 10:58:26.679  WARN 5032 --- [    Test worker] JpaBaseConfiguration$JpaWebConfiguration : spring.jpa.open-in-view is enabled by default. Therefore, database queries may be performed during view rendering. Explicitly configure spring.jpa.open-in-view to disable this warning
2021-03-25 10:58:26.947  INFO 5032 --- [         task-1] org.hibernate.dialect.Dialect            : HHH000400: Using dialect: org.hibernate.dialect.H2Dialect
2021-03-25 10:58:28.049  INFO 5032 --- [         task-1] o.h.e.t.j.p.i.JtaPlatformInitiator       : HHH000490: Using JtaPlatform implementation: [org.hibernate.engine.transaction.jta.platform.internal.NoJtaPlatform]
2021-03-25 10:58:28.057  INFO 5032 --- [         task-1] j.LocalContainerEntityManagerFactoryBean : Initialized JPA EntityManagerFactory for persistence unit 'default'
2021-03-25 10:58:28.322  INFO 5032 --- [    Test worker] o.s.b.t.m.w.SpringBootMockServletContext : Initializing Spring TestDispatcherServlet ''
2021-03-25 10:58:28.323  INFO 5032 --- [    Test worker] o.s.t.web.servlet.TestDispatcherServlet  : Initializing Servlet ''
2021-03-25 10:58:28.339  INFO 5032 --- [    Test worker] o.s.b.a.e.web.EndpointLinksResolver      : Exposing 2 endpoint(s) beneath base path '/actuator'
2021-03-25 10:58:28.369  INFO 5032 --- [    Test worker] o.s.t.web.servlet.TestDispatcherServlet  : Completed initialization in 46 ms
2021-03-25 10:58:28.390  INFO 5032 --- [    Test worker] DeferredRepositoryInitializationListener : Triggering deferred initialization of Spring Data repositories…
2021-03-25 10:58:28.642  INFO 5032 --- [    Test worker] DeferredRepositoryInitializationListener : Spring Data repositories initialized!
2021-03-25 10:58:28.658  INFO 5032 --- [    Test worker] com.tomgregory.ThemeParkApplicationIT    : Started ThemeParkApplicationIT in 3.973 seconds (JVM running for 4.817)
]]></system-out>
  <system-err><![CDATA[]]></system-err>
</testsuite>
